# JRE version: OpenJDK Runtime Environment (21.0.6) (build 21.0.6+-13368085-b895.109)
# Java VM: OpenJDK 64-Bit Server VM (21.0.6+-13368085-b895.109, mixed mode, tiered, compressed oops, compressed class ptrs, g1 gc, windows-amd64)
GC Precious Log:
 CardTable entry size: 512
 Card Set container configuration: InlinePtr #cards 5 size 8 Array Of Cards #cards 12 size 40 Howl #buckets 4 coarsen threshold 1843 Howl Bitmap #cards 512 size 80 coarsen threshold 460 Card regions per heap region 1 cards per card region 2048
 CPUs: 8 total, 8 available
 Memory: 13968M
 Large Page Support: Disabled
 NUMA Support: Disabled
 Compressed Oops: Enabled (32-bit)
 Heap Region Size: 1M
 Heap Min Capacity: 8M
 Heap Initial Capacity: 220M
 Heap Max Capacity: 2G
 Pre-touch: Disabled
 Parallel Workers: 8
 Concurrent Workers: 2
 Concurrent Refinement Workers: 8
 Periodic GC: Disabled
Heap:
 garbage-first heap   total 475136K, used 274967K [0x0000000080000000, 0x0000000100000000)
  region size 1024K, 25 young (25600K), 5 survivors (5120K)
 Metaspace       used 212677K, committed 215680K, reserved 1245184K
  class space    used 26838K, committed 28352K, reserved 1048576K
GC Heap History (20 events):
Event: 126.496 GC heap before
{Heap before GC invocations=64 (full 0):
 garbage-first heap   total 370688K, used 331457K [0x0000000080000000, 0x0000000100000000)
  region size 1024K, 112 young (114688K), 9 survivors (9216K)
 Metaspace       used 192899K, committed 195648K, reserved 1245184K
  class space    used 24612K, committed 25984K, reserved 1048576K
}
Event: 126.527 GC heap after
{Heap after GC invocations=65 (full 0):
 garbage-first heap   total 370688K, used 214492K [0x0000000080000000, 0x0000000100000000)
  region size 1024K, 6 young (6144K), 6 survivors (6144K)
 Metaspace       used 192899K, committed 195648K, reserved 1245184K
  class space    used 24612K, committed 25984K, reserved 1048576K
}
Event: 129.131 GC heap before
{Heap before GC invocations=65 (full 0):
 garbage-first heap   total 370688K, used 302556K [0x0000000080000000, 0x0000000100000000)
  region size 1024K, 91 young (93184K), 6 survivors (6144K)
 Metaspace       used 195050K, committed 197888K, reserved 1245184K
  class space    used 24836K, committed 26240K, reserved 1048576K
}
Event: 129.144 GC heap after
{Heap after GC invocations=66 (full 0):
 garbage-first heap   total 370688K, used 211418K [0x0000000080000000, 0x0000000100000000)
  region size 1024K, 3 young (3072K), 3 survivors (3072K)
 Metaspace       used 195050K, committed 197888K, reserved 1245184K
  class space    used 24836K, committed 26240K, reserved 1048576K
}
Event: 129.149 GC heap before
{Heap before GC invocations=66 (full 0):
 garbage-first heap   total 370688K, used 212442K [0x0000000080000000, 0x0000000100000000)
  region size 1024K, 4 young (4096K), 3 survivors (3072K)
 Metaspace       used 195050K, committed 197888K, reserved 1245184K
  class space    used 24836K, committed 26240K, reserved 1048576K
}
Event: 129.160 GC heap after
{Heap after GC invocations=67 (full 0):
 garbage-first heap   total 370688K, used 212283K [0x0000000080000000, 0x0000000100000000)
  region size 1024K, 3 young (3072K), 3 survivors (3072K)
 Metaspace       used 195050K, committed 197888K, reserved 1245184K
  class space    used 24836K, committed 26240K, reserved 1048576K
}
Event: 145.531 GC heap before
{Heap before GC invocations=68 (full 0):
 garbage-first heap   total 370688K, used 349499K [0x0000000080000000, 0x0000000100000000)
  region size 1024K, 135 young (138240K), 3 survivors (3072K)
 Metaspace       used 197494K, committed 200256K, reserved 1245184K
  class space    used 25018K, committed 26368K, reserved 1048576K
}
Event: 145.568 GC heap after
{Heap after GC invocations=69 (full 0):
 garbage-first heap   total 370688K, used 218405K [0x0000000080000000, 0x0000000100000000)
  region size 1024K, 12 young (12288K), 12 survivors (12288K)
 Metaspace       used 197494K, committed 200256K, reserved 1245184K
  class space    used 25018K, committed 26368K, reserved 1048576K
}
Event: 156.054 GC heap before
{Heap before GC invocations=69 (full 0):
 garbage-first heap   total 370688K, used 337189K [0x0000000080000000, 0x0000000100000000)
  region size 1024K, 129 young (132096K), 12 survivors (12288K)
 Metaspace       used 199569K, committed 202432K, reserved 1245184K
  class space    used 25265K, committed 26688K, reserved 1048576K
}
Event: 156.117 GC heap after
{Heap after GC invocations=70 (full 0):
 garbage-first heap   total 370688K, used 223197K [0x0000000080000000, 0x0000000100000000)
  region size 1024K, 12 young (12288K), 12 survivors (12288K)
 Metaspace       used 199569K, committed 202432K, reserved 1245184K
  class space    used 25265K, committed 26688K, reserved 1048576K
}
Event: 418.450 GC heap before
{Heap before GC invocations=70 (full 0):
 garbage-first heap   total 370688K, used 336861K [0x0000000080000000, 0x0000000100000000)
  region size 1024K, 124 young (126976K), 12 survivors (12288K)
 Metaspace       used 201405K, committed 204352K, reserved 1245184K
  class space    used 25471K, committed 26944K, reserved 1048576K
}
Event: 418.480 GC heap after
{Heap after GC invocations=71 (full 0):
 garbage-first heap   total 370688K, used 228221K [0x0000000080000000, 0x0000000100000000)
  region size 1024K, 6 young (6144K), 6 survivors (6144K)
 Metaspace       used 201405K, committed 204352K, reserved 1245184K
  class space    used 25471K, committed 26944K, reserved 1048576K
}
Event: 423.858 GC heap before
{Heap before GC invocations=72 (full 0):
 garbage-first heap   total 382976K, used 341885K [0x0000000080000000, 0x0000000100000000)
  region size 1024K, 118 young (120832K), 6 survivors (6144K)
 Metaspace       used 204821K, committed 207808K, reserved 1245184K
  class space    used 25979K, committed 27456K, reserved 1048576K
}
Event: 423.889 GC heap after
{Heap after GC invocations=73 (full 0):
 garbage-first heap   total 382976K, used 240294K [0x0000000080000000, 0x0000000100000000)
  region size 1024K, 15 young (15360K), 15 survivors (15360K)
 Metaspace       used 204821K, committed 207808K, reserved 1245184K
  class space    used 25979K, committed 27456K, reserved 1048576K
}
Event: 428.767 GC heap before
{Heap before GC invocations=73 (full 0):
 garbage-first heap   total 382976K, used 348838K [0x0000000080000000, 0x0000000100000000)
  region size 1024K, 119 young (121856K), 15 survivors (15360K)
 Metaspace       used 209578K, committed 212544K, reserved 1245184K
  class space    used 26535K, committed 28032K, reserved 1048576K
}
Event: 428.819 GC heap after
{Heap after GC invocations=74 (full 0):
 garbage-first heap   total 390144K, used 246955K [0x0000000080000000, 0x0000000100000000)
  region size 1024K, 15 young (15360K), 15 survivors (15360K)
 Metaspace       used 209578K, committed 212544K, reserved 1245184K
  class space    used 26535K, committed 28032K, reserved 1048576K
}
Event: 429.812 GC heap before
{Heap before GC invocations=74 (full 0):
 garbage-first heap   total 390144K, used 261291K [0x0000000080000000, 0x0000000100000000)
  region size 1024K, 30 young (30720K), 15 survivors (15360K)
 Metaspace       used 210046K, committed 213056K, reserved 1245184K
  class space    used 26576K, committed 28096K, reserved 1048576K
}
Event: 429.839 GC heap after
{Heap after GC invocations=75 (full 0):
 garbage-first heap   total 390144K, used 258360K [0x0000000080000000, 0x0000000100000000)
  region size 1024K, 12 young (12288K), 12 survivors (12288K)
 Metaspace       used 210046K, committed 213056K, reserved 1245184K
  class space    used 26576K, committed 28096K, reserved 1048576K
}
Event: 433.567 GC heap before
{Heap before GC invocations=76 (full 0):
 garbage-first heap   total 475136K, used 372024K [0x0000000080000000, 0x0000000100000000)
  region size 1024K, 97 young (99328K), 12 survivors (12288K)
 Metaspace       used 212631K, committed 215680K, reserved 1245184K
  class space    used 26838K, committed 28352K, reserved 1048576K
}
Event: 433.585 GC heap after
{Heap after GC invocations=77 (full 0):
 garbage-first heap   total 475136K, used 256535K [0x0000000080000000, 0x0000000100000000)
  region size 1024K, 5 young (5120K), 5 survivors (5120K)
 Metaspace       used 212631K, committed 215680K, reserved 1245184K
  class space    used 26838K, committed 28352K, reserved 1048576K
}

